Build started 2011-01-05 19:12:46.
     1>Project "G:\Programy BT\Kółko i Krzyżyk BT\Kółko i Krzyżyk BT\Kółko i Krzyżyk BT.vcxproj" on node 2 (build target(s)).
     1>InitializeBuildStatus:
         Creating "Debug\Kółko i Krzyżyk BT.unsuccessfulbuild" because "AlwaysCreate" was specified.
       GenerateTargetFrameworkMonikerAttribute:
       Skipping target "GenerateTargetFrameworkMonikerAttribute" because all output files are up-to-date with respect to the input files.
       ClCompile:
         All outputs are up-to-date.
         All outputs are up-to-date.
         All outputs are up-to-date.
       CoreResGen:
         All outputs are up-to-date.
       ResourceCompile:
         All outputs are up-to-date.
       Link:
         All outputs are up-to-date.
         Kółko i Krzyżyk BT.vcxproj -> G:\Programy BT\Kółko i Krzyżyk BT\Debug\Kółko i Krzyżyk BT.exe
       FinalizeBuildStatus:
         Deleting file "Debug\Kółko i Krzyżyk BT.unsuccessfulbuild".
         Touching "Debug\Kółko i Krzyżyk BT.lastbuildstate".
     1>Done Building Project "G:\Programy BT\Kółko i Krzyżyk BT\Kółko i Krzyżyk BT\Kółko i Krzyżyk BT.vcxproj" (build target(s)).

Build succeeded.

Time Elapsed 00:00:00.22
